[14-Nov-2018 06:14:10 UTC] PHP Parse error:  syntax error, unexpected '{' in /home/ubuntu/workspace/cst336/hw/hw3/index.php on line 5
[14-Nov-2018 06:22:47 UTC] PHP Parse error:  syntax error, unexpected '{' in /home/ubuntu/workspace/cst336/hw/hw3/index.php on line 5
[14-Nov-2018 06:26:02 UTC] PHP Parse error:  syntax error, unexpected '{' in /home/ubuntu/workspace/cst336/hw/hw3/index.php on line 7
[14-Nov-2018 06:26:57 UTC] PHP Parse error:  syntax error, unexpected '{' in /home/ubuntu/workspace/cst336/hw/hw3/index.php on line 7
[14-Nov-2018 06:27:13 UTC] PHP Parse error:  syntax error, unexpected '{' in /home/ubuntu/workspace/cst336/hw/hw3/index.php on line 5
[14-Nov-2018 06:27:35 UTC] PHP Parse error:  syntax error, unexpected '{' in /home/ubuntu/workspace/cst336/hw/hw3/index.php on line 5
[14-Nov-2018 06:27:51 UTC] PHP Parse error:  syntax error, unexpected '{' in /home/ubuntu/workspace/cst336/hw/hw3/index.php on line 5
[14-Nov-2018 06:27:53 UTC] PHP Parse error:  syntax error, unexpected '{' in /home/ubuntu/workspace/cst336/hw/hw3/index.php on line 5
[14-Nov-2018 06:56:11 UTC] PHP Parse error:  syntax error, unexpected '{' in /home/ubuntu/workspace/cst336/hw/hw3/index.php on line 5
[14-Nov-2018 06:57:55 UTC] PHP Parse error:  syntax error, unexpected '{' in /home/ubuntu/workspace/cst336/hw/hw3/index.php on line 5
[14-Nov-2018 07:16:35 UTC] PHP Parse error:  syntax error, unexpected '{' in /home/ubuntu/workspace/cst336/hw/hw3/index.php on line 6
[14-Nov-2018 07:17:05 UTC] PHP Warning:  in_array() expects parameter 2 to be array, null given in /home/ubuntu/workspace/cst336/hw/hw3/index.php on line 54
[14-Nov-2018 07:17:05 UTC] PHP Stack trace:
[14-Nov-2018 07:17:05 UTC] PHP   1. {main}() /home/ubuntu/workspace/cst336/hw/hw3/index.php:0
[14-Nov-2018 07:17:05 UTC] PHP   2. in_array() /home/ubuntu/workspace/cst336/hw/hw3/index.php:54
[14-Nov-2018 07:17:05 UTC] PHP Warning:  in_array() expects parameter 2 to be array, null given in /home/ubuntu/workspace/cst336/hw/hw3/index.php on line 56
[14-Nov-2018 07:17:05 UTC] PHP Stack trace:
[14-Nov-2018 07:17:05 UTC] PHP   1. {main}() /home/ubuntu/workspace/cst336/hw/hw3/index.php:0
[14-Nov-2018 07:17:05 UTC] PHP   2. in_array() /home/ubuntu/workspace/cst336/hw/hw3/index.php:56
[14-Nov-2018 07:17:05 UTC] PHP Warning:  in_array() expects parameter 2 to be array, null given in /home/ubuntu/workspace/cst336/hw/hw3/index.php on line 58
[14-Nov-2018 07:17:05 UTC] PHP Stack trace:
[14-Nov-2018 07:17:05 UTC] PHP   1. {main}() /home/ubuntu/workspace/cst336/hw/hw3/index.php:0
[14-Nov-2018 07:17:05 UTC] PHP   2. in_array() /home/ubuntu/workspace/cst336/hw/hw3/index.php:58
[14-Nov-2018 07:17:05 UTC] PHP Warning:  in_array() expects parameter 2 to be array, null given in /home/ubuntu/workspace/cst336/hw/hw3/index.php on line 60
[14-Nov-2018 07:17:05 UTC] PHP Stack trace:
[14-Nov-2018 07:17:05 UTC] PHP   1. {main}() /home/ubuntu/workspace/cst336/hw/hw3/index.php:0
[14-Nov-2018 07:17:05 UTC] PHP   2. in_array() /home/ubuntu/workspace/cst336/hw/hw3/index.php:60
[14-Nov-2018 07:17:05 UTC] PHP Warning:  in_array() expects parameter 2 to be array, null given in /home/ubuntu/workspace/cst336/hw/hw3/index.php on line 68
[14-Nov-2018 07:17:05 UTC] PHP Stack trace:
[14-Nov-2018 07:17:05 UTC] PHP   1. {main}() /home/ubuntu/workspace/cst336/hw/hw3/index.php:0
[14-Nov-2018 07:17:05 UTC] PHP   2. in_array() /home/ubuntu/workspace/cst336/hw/hw3/index.php:68
[14-Nov-2018 07:17:57 UTC] PHP Warning:  in_array() expects parameter 2 to be array, null given in /home/ubuntu/workspace/cst336/hw/hw3/index.php on line 54
[14-Nov-2018 07:17:57 UTC] PHP Stack trace:
[14-Nov-2018 07:17:57 UTC] PHP   1. {main}() /home/ubuntu/workspace/cst336/hw/hw3/index.php:0
[14-Nov-2018 07:17:57 UTC] PHP   2. in_array() /home/ubuntu/workspace/cst336/hw/hw3/index.php:54
[14-Nov-2018 07:17:57 UTC] PHP Warning:  in_array() expects parameter 2 to be array, null given in /home/ubuntu/workspace/cst336/hw/hw3/index.php on line 56
[14-Nov-2018 07:17:57 UTC] PHP Stack trace:
[14-Nov-2018 07:17:57 UTC] PHP   1. {main}() /home/ubuntu/workspace/cst336/hw/hw3/index.php:0
[14-Nov-2018 07:17:57 UTC] PHP   2. in_array() /home/ubuntu/workspace/cst336/hw/hw3/index.php:56
[14-Nov-2018 07:17:57 UTC] PHP Warning:  in_array() expects parameter 2 to be array, null given in /home/ubuntu/workspace/cst336/hw/hw3/index.php on line 58
[14-Nov-2018 07:17:57 UTC] PHP Stack trace:
[14-Nov-2018 07:17:57 UTC] PHP   1. {main}() /home/ubuntu/workspace/cst336/hw/hw3/index.php:0
[14-Nov-2018 07:17:57 UTC] PHP   2. in_array() /home/ubuntu/workspace/cst336/hw/hw3/index.php:58
[14-Nov-2018 07:17:57 UTC] PHP Warning:  in_array() expects parameter 2 to be array, null given in /home/ubuntu/workspace/cst336/hw/hw3/index.php on line 60
[14-Nov-2018 07:17:57 UTC] PHP Stack trace:
[14-Nov-2018 07:17:57 UTC] PHP   1. {main}() /home/ubuntu/workspace/cst336/hw/hw3/index.php:0
[14-Nov-2018 07:17:57 UTC] PHP   2. in_array() /home/ubuntu/workspace/cst336/hw/hw3/index.php:60
[14-Nov-2018 07:17:57 UTC] PHP Warning:  in_array() expects parameter 2 to be array, null given in /home/ubuntu/workspace/cst336/hw/hw3/index.php on line 68
[14-Nov-2018 07:17:57 UTC] PHP Stack trace:
[14-Nov-2018 07:17:57 UTC] PHP   1. {main}() /home/ubuntu/workspace/cst336/hw/hw3/index.php:0
[14-Nov-2018 07:17:57 UTC] PHP   2. in_array() /home/ubuntu/workspace/cst336/hw/hw3/index.php:68
[14-Nov-2018 07:18:10 UTC] PHP Warning:  in_array() expects parameter 2 to be array, null given in /home/ubuntu/workspace/cst336/hw/hw3/index.php on line 54
[14-Nov-2018 07:18:10 UTC] PHP Stack trace:
[14-Nov-2018 07:18:10 UTC] PHP   1. {main}() /home/ubuntu/workspace/cst336/hw/hw3/index.php:0
[14-Nov-2018 07:18:10 UTC] PHP   2. in_array() /home/ubuntu/workspace/cst336/hw/hw3/index.php:54
[14-Nov-2018 07:18:10 UTC] PHP Warning:  in_array() expects parameter 2 to be array, null given in /home/ubuntu/workspace/cst336/hw/hw3/index.php on line 56
[14-Nov-2018 07:18:10 UTC] PHP Stack trace:
[14-Nov-2018 07:18:10 UTC] PHP   1. {main}() /home/ubuntu/workspace/cst336/hw/hw3/index.php:0
[14-Nov-2018 07:18:10 UTC] PHP   2. in_array() /home/ubuntu/workspace/cst336/hw/hw3/index.php:56
[14-Nov-2018 07:18:10 UTC] PHP Warning:  in_array() expects parameter 2 to be array, null given in /home/ubuntu/workspace/cst336/hw/hw3/index.php on line 58
[14-Nov-2018 07:18:10 UTC] PHP Stack trace:
[14-Nov-2018 07:18:10 UTC] PHP   1. {main}() /home/ubuntu/workspace/cst336/hw/hw3/index.php:0
[14-Nov-2018 07:18:10 UTC] PHP   2. in_array() /home/ubuntu/workspace/cst336/hw/hw3/index.php:58
[14-Nov-2018 07:18:10 UTC] PHP Warning:  in_array() expects parameter 2 to be array, null given in /home/ubuntu/workspace/cst336/hw/hw3/index.php on line 60
[14-Nov-2018 07:18:10 UTC] PHP Stack trace:
[14-Nov-2018 07:18:10 UTC] PHP   1. {main}() /home/ubuntu/workspace/cst336/hw/hw3/index.php:0
[14-Nov-2018 07:18:10 UTC] PHP   2. in_array() /home/ubuntu/workspace/cst336/hw/hw3/index.php:60
[14-Nov-2018 07:18:10 UTC] PHP Warning:  in_array() expects parameter 2 to be array, null given in /home/ubuntu/workspace/cst336/hw/hw3/index.php on line 68
[14-Nov-2018 07:18:10 UTC] PHP Stack trace:
[14-Nov-2018 07:18:10 UTC] PHP   1. {main}() /home/ubuntu/workspace/cst336/hw/hw3/index.php:0
[14-Nov-2018 07:18:10 UTC] PHP   2. in_array() /home/ubuntu/workspace/cst336/hw/hw3/index.php:68
[14-Nov-2018 07:18:13 UTC] PHP Warning:  in_array() expects parameter 2 to be array, null given in /home/ubuntu/workspace/cst336/hw/hw3/index.php on line 54
[14-Nov-2018 07:18:13 UTC] PHP Stack trace:
[14-Nov-2018 07:18:13 UTC] PHP   1. {main}() /home/ubuntu/workspace/cst336/hw/hw3/index.php:0
[14-Nov-2018 07:18:13 UTC] PHP   2. in_array() /home/ubuntu/workspace/cst336/hw/hw3/index.php:54
[14-Nov-2018 07:18:13 UTC] PHP Warning:  in_array() expects parameter 2 to be array, null given in /home/ubuntu/workspace/cst336/hw/hw3/index.php on line 56
[14-Nov-2018 07:18:13 UTC] PHP Stack trace:
[14-Nov-2018 07:18:13 UTC] PHP   1. {main}() /home/ubuntu/workspace/cst336/hw/hw3/index.php:0
[14-Nov-2018 07:18:13 UTC] PHP   2. in_array() /home/ubuntu/workspace/cst336/hw/hw3/index.php:56
[14-Nov-2018 07:18:13 UTC] PHP Warning:  in_array() expects parameter 2 to be array, null given in /home/ubuntu/workspace/cst336/hw/hw3/index.php on line 58
[14-Nov-2018 07:18:13 UTC] PHP Stack trace:
[14-Nov-2018 07:18:13 UTC] PHP   1. {main}() /home/ubuntu/workspace/cst336/hw/hw3/index.php:0
[14-Nov-2018 07:18:13 UTC] PHP   2. in_array() /home/ubuntu/workspace/cst336/hw/hw3/index.php:58
[14-Nov-2018 07:18:13 UTC] PHP Warning:  in_array() expects parameter 2 to be array, null given in /home/ubuntu/workspace/cst336/hw/hw3/index.php on line 60
[14-Nov-2018 07:18:13 UTC] PHP Stack trace:
[14-Nov-2018 07:18:13 UTC] PHP   1. {main}() /home/ubuntu/workspace/cst336/hw/hw3/index.php:0
[14-Nov-2018 07:18:13 UTC] PHP   2. in_array() /home/ubuntu/workspace/cst336/hw/hw3/index.php:60
[14-Nov-2018 07:18:13 UTC] PHP Warning:  in_array() expects parameter 2 to be array, null given in /home/ubuntu/workspace/cst336/hw/hw3/index.php on line 68
[14-Nov-2018 07:18:13 UTC] PHP Stack trace:
[14-Nov-2018 07:18:13 UTC] PHP   1. {main}() /home/ubuntu/workspace/cst336/hw/hw3/index.php:0
[14-Nov-2018 07:18:13 UTC] PHP   2. in_array() /home/ubuntu/workspace/cst336/hw/hw3/index.php:68
[14-Nov-2018 07:18:19 UTC] PHP Warning:  in_array() expects parameter 2 to be array, null given in /home/ubuntu/workspace/cst336/hw/hw3/index.php on line 54
[14-Nov-2018 07:18:19 UTC] PHP Stack trace:
[14-Nov-2018 07:18:19 UTC] PHP   1. {main}() /home/ubuntu/workspace/cst336/hw/hw3/index.php:0
[14-Nov-2018 07:18:19 UTC] PHP   2. in_array() /home/ubuntu/workspace/cst336/hw/hw3/index.php:54
[14-Nov-2018 07:18:19 UTC] PHP Warning:  in_array() expects parameter 2 to be array, null given in /home/ubuntu/workspace/cst336/hw/hw3/index.php on line 56
[14-Nov-2018 07:18:19 UTC] PHP Stack trace:
[14-Nov-2018 07:18:19 UTC] PHP   1. {main}() /home/ubuntu/workspace/cst336/hw/hw3/index.php:0
[14-Nov-2018 07:18:19 UTC] PHP   2. in_array() /home/ubuntu/workspace/cst336/hw/hw3/index.php:56
[14-Nov-2018 07:18:19 UTC] PHP Warning:  in_array() expects parameter 2 to be array, null given in /home/ubuntu/workspace/cst336/hw/hw3/index.php on line 58
[14-Nov-2018 07:18:19 UTC] PHP Stack trace:
[14-Nov-2018 07:18:19 UTC] PHP   1. {main}() /home/ubuntu/workspace/cst336/hw/hw3/index.php:0
[14-Nov-2018 07:18:19 UTC] PHP   2. in_array() /home/ubuntu/workspace/cst336/hw/hw3/index.php:58
[14-Nov-2018 07:18:19 UTC] PHP Warning:  in_array() expects parameter 2 to be array, null given in /home/ubuntu/workspace/cst336/hw/hw3/index.php on line 60
[14-Nov-2018 07:18:19 UTC] PHP Stack trace:
[14-Nov-2018 07:18:19 UTC] PHP   1. {main}() /home/ubuntu/workspace/cst336/hw/hw3/index.php:0
[14-Nov-2018 07:18:19 UTC] PHP   2. in_array() /home/ubuntu/workspace/cst336/hw/hw3/index.php:60
[14-Nov-2018 07:18:19 UTC] PHP Warning:  in_array() expects parameter 2 to be array, null given in /home/ubuntu/workspace/cst336/hw/hw3/index.php on line 68
[14-Nov-2018 07:18:19 UTC] PHP Stack trace:
[14-Nov-2018 07:18:19 UTC] PHP   1. {main}() /home/ubuntu/workspace/cst336/hw/hw3/index.php:0
[14-Nov-2018 07:18:19 UTC] PHP   2. in_array() /home/ubuntu/workspace/cst336/hw/hw3/index.php:68
[14-Nov-2018 07:20:30 UTC] PHP Warning:  in_array() expects parameter 2 to be array, null given in /home/ubuntu/workspace/cst336/hw/hw3/index.php on line 54
[14-Nov-2018 07:20:30 UTC] PHP Stack trace:
[14-Nov-2018 07:20:30 UTC] PHP   1. {main}() /home/ubuntu/workspace/cst336/hw/hw3/index.php:0
[14-Nov-2018 07:20:30 UTC] PHP   2. in_array() /home/ubuntu/workspace/cst336/hw/hw3/index.php:54
[14-Nov-2018 07:20:30 UTC] PHP Warning:  in_array() expects parameter 2 to be array, null given in /home/ubuntu/workspace/cst336/hw/hw3/index.php on line 56
[14-Nov-2018 07:20:30 UTC] PHP Stack trace:
[14-Nov-2018 07:20:30 UTC] PHP   1. {main}() /home/ubuntu/workspace/cst336/hw/hw3/index.php:0
[14-Nov-2018 07:20:30 UTC] PHP   2. in_array() /home/ubuntu/workspace/cst336/hw/hw3/index.php:56
[14-Nov-2018 07:20:30 UTC] PHP Warning:  in_array() expects parameter 2 to be array, null given in /home/ubuntu/workspace/cst336/hw/hw3/index.php on line 58
[14-Nov-2018 07:20:30 UTC] PHP Stack trace:
[14-Nov-2018 07:20:30 UTC] PHP   1. {main}() /home/ubuntu/workspace/cst336/hw/hw3/index.php:0
[14-Nov-2018 07:20:30 UTC] PHP   2. in_array() /home/ubuntu/workspace/cst336/hw/hw3/index.php:58
[14-Nov-2018 07:20:30 UTC] PHP Warning:  in_array() expects parameter 2 to be array, null given in /home/ubuntu/workspace/cst336/hw/hw3/index.php on line 60
[14-Nov-2018 07:20:30 UTC] PHP Stack trace:
[14-Nov-2018 07:20:30 UTC] PHP   1. {main}() /home/ubuntu/workspace/cst336/hw/hw3/index.php:0
[14-Nov-2018 07:20:30 UTC] PHP   2. in_array() /home/ubuntu/workspace/cst336/hw/hw3/index.php:60
[14-Nov-2018 07:20:30 UTC] PHP Warning:  in_array() expects parameter 2 to be array, string given in /home/ubuntu/workspace/cst336/hw/hw3/index.php on line 68
[14-Nov-2018 07:20:30 UTC] PHP Stack trace:
[14-Nov-2018 07:20:30 UTC] PHP   1. {main}() /home/ubuntu/workspace/cst336/hw/hw3/index.php:0
[14-Nov-2018 07:20:30 UTC] PHP   2. in_array() /home/ubuntu/workspace/cst336/hw/hw3/index.php:68
[14-Nov-2018 07:20:30 UTC] PHP Warning:  in_array() expects parameter 2 to be array, string given in /home/ubuntu/workspace/cst336/hw/hw3/index.php on line 70
[14-Nov-2018 07:20:30 UTC] PHP Stack trace:
[14-Nov-2018 07:20:30 UTC] PHP   1. {main}() /home/ubuntu/workspace/cst336/hw/hw3/index.php:0
[14-Nov-2018 07:20:30 UTC] PHP   2. in_array() /home/ubuntu/workspace/cst336/hw/hw3/index.php:70
[14-Nov-2018 07:20:30 UTC] PHP Warning:  in_array() expects parameter 2 to be array, string given in /home/ubuntu/workspace/cst336/hw/hw3/index.php on line 72
[14-Nov-2018 07:20:30 UTC] PHP Stack trace:
[14-Nov-2018 07:20:30 UTC] PHP   1. {main}() /home/ubuntu/workspace/cst336/hw/hw3/index.php:0
[14-Nov-2018 07:20:30 UTC] PHP   2. in_array() /home/ubuntu/workspace/cst336/hw/hw3/index.php:72
[14-Nov-2018 07:20:30 UTC] PHP Warning:  in_array() expects parameter 2 to be array, string given in /home/ubuntu/workspace/cst336/hw/hw3/index.php on line 74
[14-Nov-2018 07:20:30 UTC] PHP Stack trace:
[14-Nov-2018 07:20:30 UTC] PHP   1. {main}() /home/ubuntu/workspace/cst336/hw/hw3/index.php:0
[14-Nov-2018 07:20:30 UTC] PHP   2. in_array() /home/ubuntu/workspace/cst336/hw/hw3/index.php:74
[14-Nov-2018 07:20:30 UTC] PHP Warning:  in_array() expects parameter 2 to be array, null given in /home/ubuntu/workspace/cst336/hw/hw3/index.php on line 82
[14-Nov-2018 07:20:30 UTC] PHP Stack trace:
[14-Nov-2018 07:20:30 UTC] PHP   1. {main}() /home/ubuntu/workspace/cst336/hw/hw3/index.php:0
[14-Nov-2018 07:20:30 UTC] PHP   2. in_array() /home/ubuntu/workspace/cst336/hw/hw3/index.php:82
[14-Nov-2018 07:20:30 UTC] PHP Warning:  in_array() expects parameter 2 to be array, null given in /home/ubuntu/workspace/cst336/hw/hw3/index.php on line 84
[14-Nov-2018 07:20:30 UTC] PHP Stack trace:
[14-Nov-2018 07:20:30 UTC] PHP   1. {main}() /home/ubuntu/workspace/cst336/hw/hw3/index.php:0
[14-Nov-2018 07:20:30 UTC] PHP   2. in_array() /home/ubuntu/workspace/cst336/hw/hw3/index.php:84
[14-Nov-2018 07:20:30 UTC] PHP Warning:  in_array() expects parameter 2 to be array, null given in /home/ubuntu/workspace/cst336/hw/hw3/index.php on line 86
[14-Nov-2018 07:20:30 UTC] PHP Stack trace:
[14-Nov-2018 07:20:30 UTC] PHP   1. {main}() /home/ubuntu/workspace/cst336/hw/hw3/index.php:0
[14-Nov-2018 07:20:30 UTC] PHP   2. in_array() /home/ubuntu/workspace/cst336/hw/hw3/index.php:86
[14-Nov-2018 07:20:30 UTC] PHP Warning:  in_array() expects parameter 2 to be array, null given in /home/ubuntu/workspace/cst336/hw/hw3/index.php on line 88
[14-Nov-2018 07:20:30 UTC] PHP Stack trace:
[14-Nov-2018 07:20:30 UTC] PHP   1. {main}() /home/ubuntu/workspace/cst336/hw/hw3/index.php:0
[14-Nov-2018 07:20:30 UTC] PHP   2. in_array() /home/ubuntu/workspace/cst336/hw/hw3/index.php:88
[14-Nov-2018 07:20:30 UTC] PHP Warning:  in_array() expects parameter 2 to be array, null given in /home/ubuntu/workspace/cst336/hw/hw3/index.php on line 96
[14-Nov-2018 07:20:30 UTC] PHP Stack trace:
[14-Nov-2018 07:20:30 UTC] PHP   1. {main}() /home/ubuntu/workspace/cst336/hw/hw3/index.php:0
[14-Nov-2018 07:20:30 UTC] PHP   2. in_array() /home/ubuntu/workspace/cst336/hw/hw3/index.php:96
[14-Nov-2018 07:20:30 UTC] PHP Warning:  in_array() expects parameter 2 to be array, null given in /home/ubuntu/workspace/cst336/hw/hw3/index.php on line 98
[14-Nov-2018 07:20:30 UTC] PHP Stack trace:
[14-Nov-2018 07:20:30 UTC] PHP   1. {main}() /home/ubuntu/workspace/cst336/hw/hw3/index.php:0
[14-Nov-2018 07:20:30 UTC] PHP   2. in_array() /home/ubuntu/workspace/cst336/hw/hw3/index.php:98
[14-Nov-2018 07:20:30 UTC] PHP Warning:  in_array() expects parameter 2 to be array, null given in /home/ubuntu/workspace/cst336/hw/hw3/index.php on line 100
[14-Nov-2018 07:20:30 UTC] PHP Stack trace:
[14-Nov-2018 07:20:30 UTC] PHP   1. {main}() /home/ubuntu/workspace/cst336/hw/hw3/index.php:0
[14-Nov-2018 07:20:30 UTC] PHP   2. in_array() /home/ubuntu/workspace/cst336/hw/hw3/index.php:100
[14-Nov-2018 07:20:30 UTC] PHP Warning:  in_array() expects parameter 2 to be array, null given in /home/ubuntu/workspace/cst336/hw/hw3/index.php on line 102
[14-Nov-2018 07:20:30 UTC] PHP Stack trace:
[14-Nov-2018 07:20:30 UTC] PHP   1. {main}() /home/ubuntu/workspace/cst336/hw/hw3/index.php:0
[14-Nov-2018 07:20:30 UTC] PHP   2. in_array() /home/ubuntu/workspace/cst336/hw/hw3/index.php:102
