[06-Dec-2018 03:55:39 UTC] PHP Warning:  include(connect.php): failed to open stream: No such file or directory in /home/ubuntu/workspace/Final/userlogin/verifyUser.php on line 4
[06-Dec-2018 03:55:39 UTC] PHP Stack trace:
[06-Dec-2018 03:55:39 UTC] PHP   1. {main}() /home/ubuntu/workspace/Final/userlogin/verifyUser.php:0
[06-Dec-2018 03:55:39 UTC] PHP Warning:  include(): Failed opening 'connect.php' for inclusion (include_path='.:/usr/share/php:/usr/share/pear') in /home/ubuntu/workspace/Final/userlogin/verifyUser.php on line 4
[06-Dec-2018 03:55:39 UTC] PHP Stack trace:
[06-Dec-2018 03:55:39 UTC] PHP   1. {main}() /home/ubuntu/workspace/Final/userlogin/verifyUser.php:0
[06-Dec-2018 03:55:39 UTC] PHP Fatal error:  Call to undefined function getDBConnection() in /home/ubuntu/workspace/Final/userlogin/verifyUser.php on line 5
[06-Dec-2018 03:55:39 UTC] PHP Stack trace:
[06-Dec-2018 03:55:39 UTC] PHP   1. {main}() /home/ubuntu/workspace/Final/userlogin/verifyUser.php:0
[06-Dec-2018 03:56:30 UTC] PHP Warning:  include(/inc/dbConnection.php): failed to open stream: No such file or directory in /home/ubuntu/workspace/Final/userlogin/verifyUser.php on line 4
[06-Dec-2018 03:56:30 UTC] PHP Stack trace:
[06-Dec-2018 03:56:30 UTC] PHP   1. {main}() /home/ubuntu/workspace/Final/userlogin/verifyUser.php:0
[06-Dec-2018 03:56:30 UTC] PHP Warning:  include(): Failed opening '/inc/dbConnection.php' for inclusion (include_path='.:/usr/share/php:/usr/share/pear') in /home/ubuntu/workspace/Final/userlogin/verifyUser.php on line 4
[06-Dec-2018 03:56:30 UTC] PHP Stack trace:
[06-Dec-2018 03:56:30 UTC] PHP   1. {main}() /home/ubuntu/workspace/Final/userlogin/verifyUser.php:0
[06-Dec-2018 03:56:30 UTC] PHP Fatal error:  Call to undefined function getDBConnection() in /home/ubuntu/workspace/Final/userlogin/verifyUser.php on line 5
[06-Dec-2018 03:56:30 UTC] PHP Stack trace:
[06-Dec-2018 03:56:30 UTC] PHP   1. {main}() /home/ubuntu/workspace/Final/userlogin/verifyUser.php:0
[06-Dec-2018 03:57:00 UTC] PHP Fatal error:  Call to undefined function getDBConnection() in /home/ubuntu/workspace/Final/userlogin/verifyUser.php on line 5
[06-Dec-2018 03:57:00 UTC] PHP Stack trace:
[06-Dec-2018 03:57:00 UTC] PHP   1. {main}() /home/ubuntu/workspace/Final/userlogin/verifyUser.php:0
[06-Dec-2018 03:57:51 UTC] PHP Fatal error:  Call to undefined function getDBConnection() in /home/ubuntu/workspace/Final/userlogin/verifyUser.php on line 5
[06-Dec-2018 03:57:51 UTC] PHP Stack trace:
[06-Dec-2018 03:57:51 UTC] PHP   1. {main}() /home/ubuntu/workspace/Final/userlogin/verifyUser.php:0
[06-Dec-2018 03:57:53 UTC] PHP Fatal error:  Call to undefined function getDBConnection() in /home/ubuntu/workspace/Final/userlogin/verifyUser.php on line 5
[06-Dec-2018 03:57:53 UTC] PHP Stack trace:
[06-Dec-2018 03:57:53 UTC] PHP   1. {main}() /home/ubuntu/workspace/Final/userlogin/verifyUser.php:0
[06-Dec-2018 03:59:35 UTC] PHP Fatal error:  Call to undefined function getDBConnection() in /home/ubuntu/workspace/Final/userlogin/verifyUser.php on line 5
[06-Dec-2018 03:59:35 UTC] PHP Stack trace:
[06-Dec-2018 03:59:35 UTC] PHP   1. {main}() /home/ubuntu/workspace/Final/userlogin/verifyUser.php:0
[06-Dec-2018 04:00:39 UTC] PHP Fatal error:  Call to undefined function getDBConnection() in /home/ubuntu/workspace/Final/userlogin/verifyUser.php on line 5
[06-Dec-2018 04:00:39 UTC] PHP Stack trace:
[06-Dec-2018 04:00:39 UTC] PHP   1. {main}() /home/ubuntu/workspace/Final/userlogin/verifyUser.php:0
[06-Dec-2018 04:00:54 UTC] PHP Fatal error:  Call to undefined function getDBConnection() in /home/ubuntu/workspace/Final/userlogin/verifyUser.php on line 5
[06-Dec-2018 04:00:55 UTC] PHP Stack trace:
[06-Dec-2018 04:00:55 UTC] PHP   1. {main}() /home/ubuntu/workspace/Final/userlogin/verifyUser.php:0
[06-Dec-2018 04:01:01 UTC] PHP Fatal error:  Call to undefined function getDBConnection() in /home/ubuntu/workspace/Final/userlogin/verifyUser.php on line 5
[06-Dec-2018 04:01:01 UTC] PHP Stack trace:
[06-Dec-2018 04:01:01 UTC] PHP   1. {main}() /home/ubuntu/workspace/Final/userlogin/verifyUser.php:0
[06-Dec-2018 04:01:07 UTC] PHP Fatal error:  Call to undefined function getDBConnection() in /home/ubuntu/workspace/Final/userlogin/verifyUser.php on line 5
[06-Dec-2018 04:01:07 UTC] PHP Stack trace:
[06-Dec-2018 04:01:07 UTC] PHP   1. {main}() /home/ubuntu/workspace/Final/userlogin/verifyUser.php:0
[06-Dec-2018 04:02:06 UTC] PHP Fatal error:  Uncaught exception 'PDOException' with message 'SQLSTATE[42S02]: Base table or view not found: 1146 Table 'heroes_4_hire.heroes_4_hire' doesn't exist' in /home/ubuntu/workspace/Final/userlogin/verifyUser.php:12
Stack trace:
#0 /home/ubuntu/workspace/Final/userlogin/verifyUser.php(12): PDOStatement->execute(Array)
#1 {main}
  thrown in /home/ubuntu/workspace/Final/userlogin/verifyUser.php on line 12
[09-Dec-2018 22:32:58 UTC] PHP Fatal error:  Cannot use isset() on the result of an expression (you can use "null !== expression" instead) in /home/ubuntu/workspace/Final/userlogin/login.php on line 5
[09-Dec-2018 23:00:47 UTC] PHP Parse error:  syntax error, unexpected 'echo' (T_ECHO), expecting ',' or ';' in /home/ubuntu/workspace/Final/adminPages/adminHeroes.php on line 89
[09-Dec-2018 23:19:14 UTC] PHP Fatal error:  Call to undefined function getAllToolsAndWeapons() in /home/ubuntu/workspace/Final/adminPages/adminTaW.php on line 16
[09-Dec-2018 23:19:14 UTC] PHP Stack trace:
[09-Dec-2018 23:19:14 UTC] PHP   1. {main}() /home/ubuntu/workspace/Final/adminPages/adminTaW.php:0
[09-Dec-2018 23:19:39 UTC] PHP Warning:  Invalid argument supplied for foreach() in /home/ubuntu/workspace/Final/adminPages/adminTaW.php on line 81
[09-Dec-2018 23:19:39 UTC] PHP Stack trace:
[09-Dec-2018 23:19:39 UTC] PHP   1. {main}() /home/ubuntu/workspace/Final/adminPages/adminTaW.php:0
[10-Dec-2018 00:37:18 UTC] PHP Warning:  Invalid argument supplied for foreach() in /home/ubuntu/workspace/Final/adminPages/adminEdit.php on line 31
[10-Dec-2018 00:37:18 UTC] PHP Stack trace:
[10-Dec-2018 00:37:18 UTC] PHP   1. {main}() /home/ubuntu/workspace/Final/adminPages/adminEdit.php:0
[10-Dec-2018 01:46:45 UTC] PHP Parse error:  syntax error, unexpected '}', expecting ',' or ';' in /home/ubuntu/workspace/Final/adminPages/adminEdit.php on line 26
[10-Dec-2018 01:46:58 UTC] PHP Parse error:  syntax error, unexpected '}', expecting ',' or ';' in /home/ubuntu/workspace/Final/adminPages/adminEdit.php on line 26
[10-Dec-2018 01:47:10 UTC] PHP Parse error:  syntax error, unexpected '}', expecting ',' or ';' in /home/ubuntu/workspace/Final/adminPages/adminEdit.php on line 26
[10-Dec-2018 01:47:32 UTC] PHP Parse error:  syntax error, unexpected '}', expecting ',' or ';' in /home/ubuntu/workspace/Final/adminPages/adminEdit.php on line 26
[10-Dec-2018 01:47:46 UTC] PHP Warning:  Illegal offset type in /home/ubuntu/workspace/Final/adminPages/adminEdit.php on line 24
[10-Dec-2018 01:47:46 UTC] PHP Stack trace:
[10-Dec-2018 01:47:46 UTC] PHP   1. {main}() /home/ubuntu/workspace/Final/adminPages/adminEdit.php:0
[10-Dec-2018 01:49:26 UTC] PHP Parse error:  syntax error, unexpected '.' in /home/ubuntu/workspace/Final/adminPages/adminEdit.php on line 24
[10-Dec-2018 01:52:44 UTC] PHP Parse error:  syntax error, unexpected '++' (T_INC) in /home/ubuntu/workspace/Final/adminPages/adminEdit.php on line 30
[10-Dec-2018 01:52:58 UTC] PHP Parse error:  syntax error, unexpected '+=' (T_PLUS_EQUAL) in /home/ubuntu/workspace/Final/adminPages/adminEdit.php on line 30
[10-Dec-2018 01:53:11 UTC] PHP Parse error:  syntax error, unexpected '=' in /home/ubuntu/workspace/Final/adminPages/adminEdit.php on line 30
[10-Dec-2018 04:39:00 UTC] PHP Parse error:  syntax error, unexpected '}', expecting ',' or ';' in /home/ubuntu/workspace/Final/adminPages/adminEdit.php on line 127
[10-Dec-2018 04:52:16 UTC] PHP Parse error:  syntax error, unexpected '' (T_ENCAPSED_AND_WHITESPACE), expecting identifier (T_STRING) or variable (T_VARIABLE) or number (T_NUM_STRING) in /home/ubuntu/workspace/Final/adminPages/adminSubmitEdits.php on line 4
[10-Dec-2018 04:53:03 UTC] PHP Parse error:  syntax error, unexpected '$_POST' (T_VARIABLE), expecting ',' or ';' in /home/ubuntu/workspace/Final/adminPages/adminSubmitEdits.php on line 4
[10-Dec-2018 04:57:11 UTC] PHP Parse error:  syntax error, unexpected '$conn' (T_VARIABLE) in /home/ubuntu/workspace/Final/adminPages/adminSubmitEdits.php on line 5
[10-Dec-2018 05:40:58 UTC] PHP Parse error:  syntax error, unexpected '}', expecting ',' or ';' in /home/ubuntu/workspace/Final/adminPages/adminEdit.php on line 135
[11-Dec-2018 02:43:52 UTC] PHP Fatal error:  Call to undefined function displayCartCount() in /home/ubuntu/workspace/CST336/Final/userlogin/login.php on line 55
[11-Dec-2018 02:43:52 UTC] PHP Stack trace:
[11-Dec-2018 02:43:52 UTC] PHP   1. {main}() /home/ubuntu/workspace/CST336/Final/userlogin/login.php:0
