[08-Dec-2018 16:58:10 UTC] PHP Fatal error:  Uncaught exception 'PDOException' with message 'SQLSTATE[42S02]: Base table or view not found: 1146 Table 'final.users' doesn't exist' in /home/ubuntu/workspace/cst336/final/secret/verifyUser.php:13
Stack trace:
#0 /home/ubuntu/workspace/cst336/final/secret/verifyUser.php(13): PDOStatement->execute(Array)
#1 {main}
  thrown in /home/ubuntu/workspace/cst336/final/secret/verifyUser.php on line 13
[08-Dec-2018 17:00:45 UTC] PHP Warning:  include(quiz.php): failed to open stream: No such file or directory in /home/ubuntu/workspace/cst336/final/secret/index.php on line 7
[08-Dec-2018 17:00:45 UTC] PHP Stack trace:
[08-Dec-2018 17:00:45 UTC] PHP   1. {main}() /home/ubuntu/workspace/cst336/final/secret/index.php:0
[08-Dec-2018 17:00:45 UTC] PHP   2. displayQuiz() /home/ubuntu/workspace/cst336/final/secret/index.php:33
[08-Dec-2018 17:00:45 UTC] PHP Warning:  include(): Failed opening 'quiz.php' for inclusion (include_path='.:/usr/share/php:/usr/share/pear') in /home/ubuntu/workspace/cst336/final/secret/index.php on line 7
[08-Dec-2018 17:00:45 UTC] PHP Stack trace:
[08-Dec-2018 17:00:45 UTC] PHP   1. {main}() /home/ubuntu/workspace/cst336/final/secret/index.php:0
[08-Dec-2018 17:00:45 UTC] PHP   2. displayQuiz() /home/ubuntu/workspace/cst336/final/secret/index.php:33
[08-Dec-2018 17:02:24 UTC] PHP Warning:  include(quiz.php): failed to open stream: No such file or directory in /home/ubuntu/workspace/cst336/final/secret/index.php on line 7
[08-Dec-2018 17:02:24 UTC] PHP Stack trace:
[08-Dec-2018 17:02:24 UTC] PHP   1. {main}() /home/ubuntu/workspace/cst336/final/secret/index.php:0
[08-Dec-2018 17:02:24 UTC] PHP   2. displayQuiz() /home/ubuntu/workspace/cst336/final/secret/index.php:33
[08-Dec-2018 17:02:24 UTC] PHP Warning:  include(): Failed opening 'quiz.php' for inclusion (include_path='.:/usr/share/php:/usr/share/pear') in /home/ubuntu/workspace/cst336/final/secret/index.php on line 7
[08-Dec-2018 17:02:24 UTC] PHP Stack trace:
[08-Dec-2018 17:02:24 UTC] PHP   1. {main}() /home/ubuntu/workspace/cst336/final/secret/index.php:0
[08-Dec-2018 17:02:24 UTC] PHP   2. displayQuiz() /home/ubuntu/workspace/cst336/final/secret/index.php:33
[08-Dec-2018 17:02:27 UTC] PHP Warning:  include(quiz.php): failed to open stream: No such file or directory in /home/ubuntu/workspace/cst336/final/secret/index.php on line 7
[08-Dec-2018 17:02:27 UTC] PHP Stack trace:
[08-Dec-2018 17:02:27 UTC] PHP   1. {main}() /home/ubuntu/workspace/cst336/final/secret/index.php:0
[08-Dec-2018 17:02:27 UTC] PHP   2. displayQuiz() /home/ubuntu/workspace/cst336/final/secret/index.php:33
[08-Dec-2018 17:02:27 UTC] PHP Warning:  include(): Failed opening 'quiz.php' for inclusion (include_path='.:/usr/share/php:/usr/share/pear') in /home/ubuntu/workspace/cst336/final/secret/index.php on line 7
[08-Dec-2018 17:02:27 UTC] PHP Stack trace:
[08-Dec-2018 17:02:27 UTC] PHP   1. {main}() /home/ubuntu/workspace/cst336/final/secret/index.php:0
[08-Dec-2018 17:02:27 UTC] PHP   2. displayQuiz() /home/ubuntu/workspace/cst336/final/secret/index.php:33
[08-Dec-2018 17:02:46 UTC] PHP Warning:  include(quiz.php): failed to open stream: No such file or directory in /home/ubuntu/workspace/cst336/final/secret/index.php on line 7
[08-Dec-2018 17:02:46 UTC] PHP Stack trace:
[08-Dec-2018 17:02:46 UTC] PHP   1. {main}() /home/ubuntu/workspace/cst336/final/secret/index.php:0
[08-Dec-2018 17:02:46 UTC] PHP   2. displayQuiz() /home/ubuntu/workspace/cst336/final/secret/index.php:33
[08-Dec-2018 17:02:46 UTC] PHP Warning:  include(): Failed opening 'quiz.php' for inclusion (include_path='.:/usr/share/php:/usr/share/pear') in /home/ubuntu/workspace/cst336/final/secret/index.php on line 7
[08-Dec-2018 17:02:46 UTC] PHP Stack trace:
[08-Dec-2018 17:02:46 UTC] PHP   1. {main}() /home/ubuntu/workspace/cst336/final/secret/index.php:0
[08-Dec-2018 17:02:46 UTC] PHP   2. displayQuiz() /home/ubuntu/workspace/cst336/final/secret/index.php:33
[08-Dec-2018 17:03:22 UTC] PHP Warning:  include(quiz.php): failed to open stream: No such file or directory in /home/ubuntu/workspace/cst336/final/secret/index.php on line 7
[08-Dec-2018 17:03:22 UTC] PHP Stack trace:
[08-Dec-2018 17:03:22 UTC] PHP   1. {main}() /home/ubuntu/workspace/cst336/final/secret/index.php:0
[08-Dec-2018 17:03:22 UTC] PHP   2. displayQuiz() /home/ubuntu/workspace/cst336/final/secret/index.php:33
[08-Dec-2018 17:03:22 UTC] PHP Warning:  include(): Failed opening 'quiz.php' for inclusion (include_path='.:/usr/share/php:/usr/share/pear') in /home/ubuntu/workspace/cst336/final/secret/index.php on line 7
[08-Dec-2018 17:03:22 UTC] PHP Stack trace:
[08-Dec-2018 17:03:22 UTC] PHP   1. {main}() /home/ubuntu/workspace/cst336/final/secret/index.php:0
[08-Dec-2018 17:03:22 UTC] PHP   2. displayQuiz() /home/ubuntu/workspace/cst336/final/secret/index.php:33
[08-Dec-2018 17:03:31 UTC] PHP Warning:  include(quiz.php): failed to open stream: No such file or directory in /home/ubuntu/workspace/cst336/final/secret/index.php on line 7
[08-Dec-2018 17:03:31 UTC] PHP Stack trace:
[08-Dec-2018 17:03:31 UTC] PHP   1. {main}() /home/ubuntu/workspace/cst336/final/secret/index.php:0
[08-Dec-2018 17:03:31 UTC] PHP   2. displayQuiz() /home/ubuntu/workspace/cst336/final/secret/index.php:33
[08-Dec-2018 17:03:31 UTC] PHP Warning:  include(): Failed opening 'quiz.php' for inclusion (include_path='.:/usr/share/php:/usr/share/pear') in /home/ubuntu/workspace/cst336/final/secret/index.php on line 7
[08-Dec-2018 17:03:31 UTC] PHP Stack trace:
[08-Dec-2018 17:03:31 UTC] PHP   1. {main}() /home/ubuntu/workspace/cst336/final/secret/index.php:0
[08-Dec-2018 17:03:31 UTC] PHP   2. displayQuiz() /home/ubuntu/workspace/cst336/final/secret/index.php:33
[08-Dec-2018 17:04:09 UTC] PHP Warning:  include(quiz.php): failed to open stream: No such file or directory in /home/ubuntu/workspace/cst336/final/secret/index.php on line 7
[08-Dec-2018 17:04:09 UTC] PHP Stack trace:
[08-Dec-2018 17:04:09 UTC] PHP   1. {main}() /home/ubuntu/workspace/cst336/final/secret/index.php:0
[08-Dec-2018 17:04:09 UTC] PHP   2. displayQuiz() /home/ubuntu/workspace/cst336/final/secret/index.php:33
[08-Dec-2018 17:04:09 UTC] PHP Warning:  include(): Failed opening 'quiz.php' for inclusion (include_path='.:/usr/share/php:/usr/share/pear') in /home/ubuntu/workspace/cst336/final/secret/index.php on line 7
[08-Dec-2018 17:04:09 UTC] PHP Stack trace:
[08-Dec-2018 17:04:09 UTC] PHP   1. {main}() /home/ubuntu/workspace/cst336/final/secret/index.php:0
[08-Dec-2018 17:04:09 UTC] PHP   2. displayQuiz() /home/ubuntu/workspace/cst336/final/secret/index.php:33
[08-Dec-2018 18:01:38 UTC] PHP Warning:  mysqli_fetch_array() expects parameter 1 to be mysqli_result, null given in /home/ubuntu/workspace/cst336/final/secret/program1.php on line 45
[08-Dec-2018 18:01:38 UTC] PHP Stack trace:
[08-Dec-2018 18:01:38 UTC] PHP   1. {main}() /home/ubuntu/workspace/cst336/final/secret/program1.php:0
[08-Dec-2018 18:01:38 UTC] PHP   2. mysqli_fetch_array() /home/ubuntu/workspace/cst336/final/secret/program1.php:45
[08-Dec-2018 18:02:13 UTC] PHP Warning:  mysqli_fetch_array() expects parameter 1 to be mysqli_result, null given in /home/ubuntu/workspace/cst336/final/secret/program1.php on line 45
[08-Dec-2018 18:02:13 UTC] PHP Stack trace:
[08-Dec-2018 18:02:13 UTC] PHP   1. {main}() /home/ubuntu/workspace/cst336/final/secret/program1.php:0
[08-Dec-2018 18:02:13 UTC] PHP   2. mysqli_fetch_array() /home/ubuntu/workspace/cst336/final/secret/program1.php:45
[08-Dec-2018 18:03:17 UTC] PHP Warning:  mysqli_fetch_array() expects parameter 1 to be mysqli_result, boolean given in /home/ubuntu/workspace/cst336/final/secret/program1.php on line 60
[08-Dec-2018 18:03:17 UTC] PHP Stack trace:
[08-Dec-2018 18:03:17 UTC] PHP   1. {main}() /home/ubuntu/workspace/cst336/final/secret/program1.php:0
[08-Dec-2018 18:03:17 UTC] PHP   2. mysqli_fetch_array() /home/ubuntu/workspace/cst336/final/secret/program1.php:60
[08-Dec-2018 18:04:34 UTC] PHP Warning:  mysqli_fetch_array() expects parameter 1 to be mysqli_result, boolean given in /home/ubuntu/workspace/cst336/final/secret/program1.php on line 60
[08-Dec-2018 18:04:34 UTC] PHP Stack trace:
[08-Dec-2018 18:04:34 UTC] PHP   1. {main}() /home/ubuntu/workspace/cst336/final/secret/program1.php:0
[08-Dec-2018 18:04:34 UTC] PHP   2. mysqli_fetch_array() /home/ubuntu/workspace/cst336/final/secret/program1.php:60
[08-Dec-2018 18:05:04 UTC] PHP Warning:  mysqli_fetch_array() expects parameter 1 to be mysqli_result, boolean given in /home/ubuntu/workspace/cst336/final/secret/program1.php on line 60
[08-Dec-2018 18:05:04 UTC] PHP Stack trace:
[08-Dec-2018 18:05:04 UTC] PHP   1. {main}() /home/ubuntu/workspace/cst336/final/secret/program1.php:0
[08-Dec-2018 18:05:04 UTC] PHP   2. mysqli_fetch_array() /home/ubuntu/workspace/cst336/final/secret/program1.php:60
[08-Dec-2018 18:05:55 UTC] PHP Warning:  mysqli_fetch_array() expects parameter 1 to be mysqli_result, boolean given in /home/ubuntu/workspace/cst336/final/secret/program1.php on line 58
[08-Dec-2018 18:05:55 UTC] PHP Stack trace:
[08-Dec-2018 18:05:55 UTC] PHP   1. {main}() /home/ubuntu/workspace/cst336/final/secret/program1.php:0
[08-Dec-2018 18:05:55 UTC] PHP   2. mysqli_fetch_array() /home/ubuntu/workspace/cst336/final/secret/program1.php:58
[08-Dec-2018 18:12:50 UTC] PHP Parse error:  syntax error, unexpected 'Students' (T_STRING), expecting ',' or ';' in /home/ubuntu/workspace/cst336/final/secret/program1.php on line 86
[08-Dec-2018 18:13:02 UTC] PHP Parse error:  syntax error, unexpected '$row' (T_VARIABLE), expecting ',' or ';' in /home/ubuntu/workspace/cst336/final/secret/program1.php on line 86
[08-Dec-2018 18:13:33 UTC] PHP Parse error:  syntax error, unexpected '$row' (T_VARIABLE), expecting ',' or ';' in /home/ubuntu/workspace/cst336/final/secret/program1.php on line 86
[08-Dec-2018 19:10:17 UTC] PHP Warning:  mysqli_fetch_array() expects parameter 1 to be mysqli_result, null given in /home/ubuntu/workspace/cst336/final/secret/program2.php on line 110
[08-Dec-2018 19:10:17 UTC] PHP Stack trace:
[08-Dec-2018 19:10:17 UTC] PHP   1. {main}() /home/ubuntu/workspace/cst336/final/secret/program2.php:0
[08-Dec-2018 19:10:17 UTC] PHP   2. mysqli_fetch_array() /home/ubuntu/workspace/cst336/final/secret/program2.php:110
[08-Dec-2018 19:12:10 UTC] PHP Warning:  mysqli_query(): Empty query in /home/ubuntu/workspace/cst336/final/secret/program2.php on line 17
[08-Dec-2018 19:12:10 UTC] PHP Stack trace:
[08-Dec-2018 19:12:10 UTC] PHP   1. {main}() /home/ubuntu/workspace/cst336/final/secret/program2.php:0
[08-Dec-2018 19:12:10 UTC] PHP   2. executeQuery() /home/ubuntu/workspace/cst336/final/secret/program2.php:7
[08-Dec-2018 19:12:10 UTC] PHP   3. mysqli_query() /home/ubuntu/workspace/cst336/final/secret/program2.php:17
[08-Dec-2018 19:12:10 UTC] PHP Warning:  mysqli_query(): Empty query in /home/ubuntu/workspace/cst336/final/secret/program2.php on line 18
[08-Dec-2018 19:12:10 UTC] PHP Stack trace:
[08-Dec-2018 19:12:10 UTC] PHP   1. {main}() /home/ubuntu/workspace/cst336/final/secret/program2.php:0
[08-Dec-2018 19:12:10 UTC] PHP   2. executeQuery() /home/ubuntu/workspace/cst336/final/secret/program2.php:7
[08-Dec-2018 19:12:10 UTC] PHP   3. mysqli_query() /home/ubuntu/workspace/cst336/final/secret/program2.php:18
[08-Dec-2018 19:12:58 UTC] PHP Warning:  mysqli_fetch_array() expects parameter 1 to be mysqli_result, boolean given in /home/ubuntu/workspace/cst336/final/secret/program2.php on line 102
[08-Dec-2018 19:12:58 UTC] PHP Stack trace:
[08-Dec-2018 19:12:58 UTC] PHP   1. {main}() /home/ubuntu/workspace/cst336/final/secret/program2.php:0
[08-Dec-2018 19:12:58 UTC] PHP   2. mysqli_fetch_array() /home/ubuntu/workspace/cst336/final/secret/program2.php:102
[08-Dec-2018 19:13:11 UTC] PHP Warning:  mysqli_fetch_array() expects parameter 1 to be mysqli_result, boolean given in /home/ubuntu/workspace/cst336/final/secret/program2.php on line 102
[08-Dec-2018 19:13:11 UTC] PHP Stack trace:
[08-Dec-2018 19:13:11 UTC] PHP   1. {main}() /home/ubuntu/workspace/cst336/final/secret/program2.php:0
[08-Dec-2018 19:13:11 UTC] PHP   2. mysqli_fetch_array() /home/ubuntu/workspace/cst336/final/secret/program2.php:102
[08-Dec-2018 19:13:25 UTC] PHP Warning:  mysqli_fetch_array() expects parameter 1 to be mysqli_result, boolean given in /home/ubuntu/workspace/cst336/final/secret/program2.php on line 102
[08-Dec-2018 19:13:25 UTC] PHP Stack trace:
[08-Dec-2018 19:13:25 UTC] PHP   1. {main}() /home/ubuntu/workspace/cst336/final/secret/program2.php:0
[08-Dec-2018 19:13:25 UTC] PHP   2. mysqli_fetch_array() /home/ubuntu/workspace/cst336/final/secret/program2.php:102
[08-Dec-2018 19:15:20 UTC] PHP Warning:  mysqli_fetch_array() expects parameter 1 to be mysqli_result, boolean given in /home/ubuntu/workspace/cst336/final/secret/program2.php on line 111
[08-Dec-2018 19:15:20 UTC] PHP Stack trace:
[08-Dec-2018 19:15:20 UTC] PHP   1. {main}() /home/ubuntu/workspace/cst336/final/secret/program2.php:0
[08-Dec-2018 19:15:20 UTC] PHP   2. mysqli_fetch_array() /home/ubuntu/workspace/cst336/final/secret/program2.php:111
[08-Dec-2018 19:15:21 UTC] PHP Warning:  mysqli_fetch_array() expects parameter 1 to be mysqli_result, boolean given in /home/ubuntu/workspace/cst336/final/secret/program2.php on line 111
[08-Dec-2018 19:15:21 UTC] PHP Stack trace:
[08-Dec-2018 19:15:21 UTC] PHP   1. {main}() /home/ubuntu/workspace/cst336/final/secret/program2.php:0
[08-Dec-2018 19:15:21 UTC] PHP   2. mysqli_fetch_array() /home/ubuntu/workspace/cst336/final/secret/program2.php:111
[08-Dec-2018 19:16:52 UTC] PHP Parse error:  syntax error, unexpected 'WORDER' (T_STRING) in /home/ubuntu/workspace/cst336/final/secret/program2.php on line 13
[08-Dec-2018 19:17:11 UTC] PHP Warning:  mysqli_fetch_array() expects parameter 1 to be mysqli_result, boolean given in /home/ubuntu/workspace/cst336/final/secret/program2.php on line 114
[08-Dec-2018 19:17:11 UTC] PHP Stack trace:
[08-Dec-2018 19:17:11 UTC] PHP   1. {main}() /home/ubuntu/workspace/cst336/final/secret/program2.php:0
[08-Dec-2018 19:17:11 UTC] PHP   2. mysqli_fetch_array() /home/ubuntu/workspace/cst336/final/secret/program2.php:114
[08-Dec-2018 19:17:30 UTC] PHP Warning:  mysqli_fetch_array() expects parameter 1 to be mysqli_result, boolean given in /home/ubuntu/workspace/cst336/final/secret/program2.php on line 114
[08-Dec-2018 19:17:30 UTC] PHP Stack trace:
[08-Dec-2018 19:17:30 UTC] PHP   1. {main}() /home/ubuntu/workspace/cst336/final/secret/program2.php:0
[08-Dec-2018 19:17:30 UTC] PHP   2. mysqli_fetch_array() /home/ubuntu/workspace/cst336/final/secret/program2.php:114
[08-Dec-2018 19:17:31 UTC] PHP Warning:  mysqli_fetch_array() expects parameter 1 to be mysqli_result, boolean given in /home/ubuntu/workspace/cst336/final/secret/program2.php on line 114
[08-Dec-2018 19:17:31 UTC] PHP Stack trace:
[08-Dec-2018 19:17:31 UTC] PHP   1. {main}() /home/ubuntu/workspace/cst336/final/secret/program2.php:0
[08-Dec-2018 19:17:31 UTC] PHP   2. mysqli_fetch_array() /home/ubuntu/workspace/cst336/final/secret/program2.php:114
[08-Dec-2018 19:19:17 UTC] PHP Warning:  mysqli_fetch_array() expects parameter 1 to be mysqli_result, boolean given in /home/ubuntu/workspace/cst336/final/secret/program2.php on line 100
[08-Dec-2018 19:19:17 UTC] PHP Stack trace:
[08-Dec-2018 19:19:17 UTC] PHP   1. {main}() /home/ubuntu/workspace/cst336/final/secret/program2.php:0
[08-Dec-2018 19:19:17 UTC] PHP   2. mysqli_fetch_array() /home/ubuntu/workspace/cst336/final/secret/program2.php:100
[08-Dec-2018 19:19:18 UTC] PHP Warning:  mysqli_fetch_array() expects parameter 1 to be mysqli_result, boolean given in /home/ubuntu/workspace/cst336/final/secret/program2.php on line 100
[08-Dec-2018 19:19:18 UTC] PHP Stack trace:
[08-Dec-2018 19:19:18 UTC] PHP   1. {main}() /home/ubuntu/workspace/cst336/final/secret/program2.php:0
[08-Dec-2018 19:19:18 UTC] PHP   2. mysqli_fetch_array() /home/ubuntu/workspace/cst336/final/secret/program2.php:100
[08-Dec-2018 19:19:37 UTC] PHP Warning:  mysqli_fetch_array() expects parameter 1 to be mysqli_result, boolean given in /home/ubuntu/workspace/cst336/final/secret/program2.php on line 100
[08-Dec-2018 19:19:37 UTC] PHP Stack trace:
[08-Dec-2018 19:19:37 UTC] PHP   1. {main}() /home/ubuntu/workspace/cst336/final/secret/program2.php:0
[08-Dec-2018 19:19:37 UTC] PHP   2. mysqli_fetch_array() /home/ubuntu/workspace/cst336/final/secret/program2.php:100
[08-Dec-2018 19:19:45 UTC] PHP Warning:  mysqli_fetch_array() expects parameter 1 to be mysqli_result, boolean given in /home/ubuntu/workspace/cst336/final/secret/program2.php on line 63
[08-Dec-2018 19:19:45 UTC] PHP Stack trace:
[08-Dec-2018 19:19:45 UTC] PHP   1. {main}() /home/ubuntu/workspace/cst336/final/secret/program2.php:0
[08-Dec-2018 19:19:45 UTC] PHP   2. mysqli_fetch_array() /home/ubuntu/workspace/cst336/final/secret/program2.php:63
[08-Dec-2018 19:19:45 UTC] PHP Warning:  mysqli_fetch_array() expects parameter 1 to be mysqli_result, boolean given in /home/ubuntu/workspace/cst336/final/secret/program2.php on line 100
[08-Dec-2018 19:19:45 UTC] PHP Stack trace:
[08-Dec-2018 19:19:45 UTC] PHP   1. {main}() /home/ubuntu/workspace/cst336/final/secret/program2.php:0
[08-Dec-2018 19:19:45 UTC] PHP   2. mysqli_fetch_array() /home/ubuntu/workspace/cst336/final/secret/program2.php:100
[08-Dec-2018 19:20:07 UTC] PHP Warning:  mysqli_fetch_array() expects parameter 1 to be mysqli_result, boolean given in /home/ubuntu/workspace/cst336/final/secret/program2.php on line 100
[08-Dec-2018 19:20:07 UTC] PHP Stack trace:
[08-Dec-2018 19:20:07 UTC] PHP   1. {main}() /home/ubuntu/workspace/cst336/final/secret/program2.php:0
[08-Dec-2018 19:20:07 UTC] PHP   2. mysqli_fetch_array() /home/ubuntu/workspace/cst336/final/secret/program2.php:100
[08-Dec-2018 19:21:59 UTC] PHP Warning:  mysqli_fetch_array() expects parameter 1 to be mysqli_result, boolean given in /home/ubuntu/workspace/cst336/final/secret/program2.php on line 66
[08-Dec-2018 19:21:59 UTC] PHP Stack trace:
[08-Dec-2018 19:21:59 UTC] PHP   1. {main}() /home/ubuntu/workspace/cst336/final/secret/program2.php:0
[08-Dec-2018 19:21:59 UTC] PHP   2. mysqli_fetch_array() /home/ubuntu/workspace/cst336/final/secret/program2.php:66
[08-Dec-2018 19:21:59 UTC] PHP Warning:  mysqli_fetch_array() expects parameter 1 to be mysqli_result, boolean given in /home/ubuntu/workspace/cst336/final/secret/program2.php on line 103
[08-Dec-2018 19:21:59 UTC] PHP Stack trace:
[08-Dec-2018 19:21:59 UTC] PHP   1. {main}() /home/ubuntu/workspace/cst336/final/secret/program2.php:0
[08-Dec-2018 19:21:59 UTC] PHP   2. mysqli_fetch_array() /home/ubuntu/workspace/cst336/final/secret/program2.php:103
[08-Dec-2018 19:22:21 UTC] PHP Warning:  mysqli_fetch_array() expects parameter 1 to be mysqli_result, boolean given in /home/ubuntu/workspace/cst336/final/secret/program2.php on line 103
[08-Dec-2018 19:22:21 UTC] PHP Stack trace:
[08-Dec-2018 19:22:21 UTC] PHP   1. {main}() /home/ubuntu/workspace/cst336/final/secret/program2.php:0
[08-Dec-2018 19:22:21 UTC] PHP   2. mysqli_fetch_array() /home/ubuntu/workspace/cst336/final/secret/program2.php:103
[08-Dec-2018 19:22:28 UTC] PHP Warning:  mysqli_fetch_array() expects parameter 1 to be mysqli_result, boolean given in /home/ubuntu/workspace/cst336/final/secret/program2.php on line 104
[08-Dec-2018 19:22:28 UTC] PHP Stack trace:
[08-Dec-2018 19:22:28 UTC] PHP   1. {main}() /home/ubuntu/workspace/cst336/final/secret/program2.php:0
[08-Dec-2018 19:22:28 UTC] PHP   2. mysqli_fetch_array() /home/ubuntu/workspace/cst336/final/secret/program2.php:104
[08-Dec-2018 19:42:15 UTC] PHP Fatal error:  Uncaught exception 'PDOException' with message 'SQLSTATE[42S02]: Base table or view not found: 1146 Table 'final.scores' doesn't exist' in /home/ubuntu/workspace/cst336/final/secret/program2.php:103
Stack trace:
#0 /home/ubuntu/workspace/cst336/final/secret/program2.php(103): PDOStatement->execute(Array)
#1 {main}
  thrown in /home/ubuntu/workspace/cst336/final/secret/program2.php on line 103
[08-Dec-2018 20:06:37 UTC] PHP Warning:  mysqli_query() expects at least 2 parameters, 1 given in /home/ubuntu/workspace/cst336/final/secret/program2.php on line 88
[08-Dec-2018 20:06:37 UTC] PHP Stack trace:
[08-Dec-2018 20:06:37 UTC] PHP   1. {main}() /home/ubuntu/workspace/cst336/final/secret/program2.php:0
[08-Dec-2018 20:06:37 UTC] PHP   2. mysqli_query() /home/ubuntu/workspace/cst336/final/secret/program2.php:88
[08-Dec-2018 20:08:26 UTC] PHP Parse error:  syntax error, unexpected '<' in /home/ubuntu/workspace/cst336/final/secret/program2.php on line 89
[08-Dec-2018 20:08:46 UTC] PHP Parse error:  syntax error, unexpected '<' in /home/ubuntu/workspace/cst336/final/secret/program2.php on line 89
[08-Dec-2018 20:09:16 UTC] PHP Parse error:  syntax error, unexpected end of file in /home/ubuntu/workspace/cst336/final/secret/program2.php on line 167
